<?xml version="1.0" encoding="UTF-8"?>
<!-- Generated by org.testng.reporters.JUnitReportReporter -->
<testsuite hostname="DESKTOP-L979O4C" failures="0" tests="1" name="testng.demo" time="0.011" errors="0" timestamp="2024-07-08T08:03:25 IST" skipped="0">
  <testcase classname="testng.demo" name="launch" time="0.011">
    <system-out>
      <![CDATA[rikesh
Rikesh]]>
    </system-out>
  </testcase> <!-- launch -->
  <system-out>
    <![CDATA[rikesh
Rikesh]]>
  </system-out>
</testsuite> <!-- testng.demo -->
