<?xml version="1.0" encoding="UTF-8"?>
<!-- Generated by org.testng.reporters.JUnitReportReporter -->
<testsuite hostname="DESKTOP-L979O4C" failures="0" tests="2" name="attribute.threadpoolsize" time="26.269" errors="0" timestamp="2024-07-09T07:44:19 IST" skipped="0">
  <testcase classname="attribute.threadpoolsize" name="script1" time="13.319"/>
  <testcase classname="attribute.threadpoolsize" name="script1" time="12.950"/>
</testsuite> <!-- attribute.threadpoolsize -->
