<?xml version="1.0" encoding="UTF-8"?>
<!-- Generated by org.testng.reporters.JUnitReportReporter -->
<testsuite hostname="DESKTOP-L979O4C" failures="0" tests="2" name="testng.dataproviderprogram" time="0.054" errors="0" timestamp="2024-07-13T07:56:14 IST" skipped="0">
  <testcase classname="testng.dataproviderprogram" name="detials" time="0.005">
    <system-out>
      <![CDATA[suyash
b+]]>
    </system-out>
  </testcase> <!-- detials -->
  <testcase classname="testng.dataproviderprogram" name="detials" time="0.049">
    <system-out>
      <![CDATA[piyush
A+]]>
    </system-out>
  </testcase> <!-- detials -->
  <system-out>
    <![CDATA[piyush
A+
suyash
b+]]>
  </system-out>
</testsuite> <!-- testng.dataproviderprogram -->
