<?xml version="1.0" encoding="UTF-8"?>
<!-- Generated by org.testng.reporters.JUnitReportReporter -->
<testsuite hostname="DESKTOP-L979O4C" failures="0" tests="1" name="testngg.script2" time="46.148" errors="0" timestamp="2024-07-17T08:56:49 IST" skipped="0">
  <testcase classname="testngg.script2" name="scrippt2" time="46.148">
    <system-out>
      <![CDATA[startexecution
end of excecution]]>
    </system-out>
  </testcase> <!-- scrippt2 -->
  <system-out>
    <![CDATA[report generation
startexecution
end of excecution
report close]]>
  </system-out>
</testsuite> <!-- testngg.script2 -->
