<?xml version="1.0" encoding="UTF-8"?>
<!-- Generated by org.testng.reporters.JUnitReportReporter -->
<testsuite hostname="DESKTOP-L979O4C" failures="0" tests="2" name="testng.multipledataprovider" time="56.352" errors="0" timestamp="2024-07-13T08:58:14 IST" skipped="0">
  <testcase classname="testng.multipledataprovider" name="detials" time="36.923"/>
  <testcase classname="testng.multipledataprovider" name="detials" time="19.429"/>
</testsuite> <!-- testng.multipledataprovider -->
