<?xml version="1.0" encoding="UTF-8"?>
<!-- Generated by org.testng.reporters.JUnitReportReporter -->
<testsuite hostname="DESKTOP-L979O4C" failures="0" tests="1" name="testng.crossbrowser" time="5.421" errors="0" timestamp="2024-07-12T09:17:43 IST" skipped="0">
  <testcase classname="testng.crossbrowser" name="cross" time="5.421"/>
</testsuite> <!-- testng.crossbrowser -->
