<?xml version="1.0" encoding="UTF-8"?>
<!-- Generated by org.testng.reporters.JUnitReportReporter -->
<testsuite hostname="DESKTOP-L979O4C" failures="0" tests="3" name="attribute.priority" time="0.016" errors="0" timestamp="2024-07-08T08:28:21 IST" skipped="0">
  <testcase classname="attribute.priority" name="login" time="0.012">
    <system-out>
      <![CDATA[use login done]]>
    </system-out>
  </testcase> <!-- login -->
  <testcase classname="attribute.priority" name="logout" time="0.001">
    <system-out>
      <![CDATA[user has logout]]>
    </system-out>
  </testcase> <!-- logout -->
  <testcase classname="attribute.priority" name="addcart" time="0.003">
    <system-out>
      <![CDATA[add to cart]]>
    </system-out>
  </testcase> <!-- addcart -->
  <system-out>
    <![CDATA[use login done
add to cart
user has logout]]>
  </system-out>
</testsuite> <!-- attribute.priority -->
